<?xml version="1.0" encoding="UTF-8"?>
<testsuite name="com.stock.stockService.StockServiceApplicationTests" time="0.022" tests="1" errors="0" skipped="0" failures="0">
  <properties>
    <property name="java.runtime.name" value="OpenJDK Runtime Environment"/>
    <property name="sun.boot.library.path" value="D:\Software\java-1.8.0-openjdk-1.8.0.212-3.b04.redhat.windows.x86_64\jre\bin"/>
    <property name="java.vm.version" value="25.212-b04"/>
    <property name="java.vm.vendor" value=""/>
    <property name="maven.multiModuleProjectDirectory" value="D:\OrchestrationService\stockService\stockService"/>
    <property name="java.vendor.url" value="http://java.oracle.com/"/>
    <property name="path.separator" value=";"/>
    <property name="guice.disable.misplaced.annotation.check" value="true"/>
    <property name="java.vm.name" value="OpenJDK 64-Bit Server VM"/>
    <property name="file.encoding.pkg" value="sun.io"/>
    <property name="user.script" value=""/>
    <property name="user.country" value="US"/>
    <property name="sun.java.launcher" value="SUN_STANDARD"/>
    <property name="sun.os.patch.level" value=""/>
    <property name="java.vm.specification.name" value="Java Virtual Machine Specification"/>
    <property name="user.dir" value="D:\OrchestrationService\stockService\stockService"/>
    <property name="java.runtime.version" value="1.8.0_212-3-redhat-b04"/>
    <property name="java.awt.graphicsenv" value="sun.awt.Win32GraphicsEnvironment"/>
    <property name="java.endorsed.dirs" value="D:\Software\java-1.8.0-openjdk-1.8.0.212-3.b04.redhat.windows.x86_64\jre\lib\endorsed"/>
    <property name="os.arch" value="amd64"/>
    <property name="java.io.tmpdir" value="C:\Users\omkarp.ttl\AppData\Local\Temp\"/>
    <property name="line.separator" value="&#10;"/>
    <property name="java.vm.specification.vendor" value="Oracle Corporation"/>
    <property name="user.variant" value=""/>
    <property name="os.name" value="Windows 10"/>
    <property name="classworlds.conf" value="D:\springboot\.metadata\.plugins\org.eclipse.m2e.launching\launches\m2conf6495104991622824166.tmp"/>
    <property name="sun.jnu.encoding" value="Cp1252"/>
    <property name="java.library.path" value="D:\Software\java-1.8.0-openjdk-1.8.0.212-3.b04.redhat.windows.x86_64\bin;C:\WINDOWS\Sun\Java\bin;C:\WINDOWS\system32;C:\WINDOWS;C:/Program Files/Java/jre1.8.0_92/bin/server;C:/Program Files/Java/jre1.8.0_92/bin;C:/Program Files/Java/jre1.8.0_92/lib/amd64;C:\ProgramData\Oracle\Java\javapath;C:\Program Files\Common Files\Microsoft Shared\Microsoft Online Services;C:\Program Files (x86)\Common Files\Microsoft Shared\Microsoft Online Services;D:\app\opp850696\product\11.2.0\client_1\bin;C:\Program Files (x86)\Common Files\Oracle\Java\javapath;C:\WINDOWS\system32;C:\WINDOWS;C:\WINDOWS\System32\Wbem;C:\WINDOWS\System32\WindowsPowerShell\v1.0\;C:\Program Files (x86)\WebEx\Productivity Tools;C:\WINDOWS\System32\OpenSSH\;D:\Software\apache-maven-3.6.0-bin\apache-maven-3.6.0\bin;C:\MiniShift;C:\Program Files\Java\jdk1.8.0_211\bin;C:\Program Files\PuTTY\;C:\Users\omkarp.ttl\AppData\Local\Microsoft\WindowsApps;D:\Software\eclipse-jee-oxygen-2-win32-x86_64\eclipse;;."/>
    <property name="java.specification.name" value="Java Platform API Specification"/>
    <property name="java.class.version" value="52.0"/>
    <property name="sun.management.compiler" value="HotSpot 64-Bit Tiered Compilers"/>
    <property name="os.version" value="10.0"/>
    <property name="user.home" value="C:\Users\omkarp.ttl"/>
    <property name="user.timezone" value="Asia/Calcutta"/>
    <property name="java.awt.printerjob" value="sun.awt.windows.WPrinterJob"/>
    <property name="java.specification.version" value="1.8"/>
    <property name="file.encoding" value="Cp1252"/>
    <property name="user.name" value="omkarp.ttl"/>
    <property name="java.class.path" value="D:\Software\eclipse-jee-oxygen-2-win32-x86_64\eclipse\plugins\org.eclipse.m2e.maven.runtime_1.8.2.20171007-0216\jars\plexus-classworlds-2.5.2.jar"/>
    <property name="java.vm.specification.version" value="1.8"/>
    <property name="sun.arch.data.model" value="64"/>
    <property name="java.home" value="D:\Software\java-1.8.0-openjdk-1.8.0.212-3.b04.redhat.windows.x86_64\jre"/>
    <property name="sun.java.command" value="org.codehaus.plexus.classworlds.launcher.Launcher -B install"/>
    <property name="java.specification.vendor" value="Oracle Corporation"/>
    <property name="user.language" value="en"/>
    <property name="awt.toolkit" value="sun.awt.windows.WToolkit"/>
    <property name="java.vm.info" value="mixed mode"/>
    <property name="java.version" value="1.8.0_212-3-redhat"/>
    <property name="java.ext.dirs" value="D:\Software\java-1.8.0-openjdk-1.8.0.212-3.b04.redhat.windows.x86_64\jre\lib\ext;C:\WINDOWS\Sun\Java\lib\ext"/>
    <property name="sun.boot.class.path" value="D:\Software\java-1.8.0-openjdk-1.8.0.212-3.b04.redhat.windows.x86_64\jre\lib\resources.jar;D:\Software\java-1.8.0-openjdk-1.8.0.212-3.b04.redhat.windows.x86_64\jre\lib\rt.jar;D:\Software\java-1.8.0-openjdk-1.8.0.212-3.b04.redhat.windows.x86_64\jre\lib\sunrsasign.jar;D:\Software\java-1.8.0-openjdk-1.8.0.212-3.b04.redhat.windows.x86_64\jre\lib\jsse.jar;D:\Software\java-1.8.0-openjdk-1.8.0.212-3.b04.redhat.windows.x86_64\jre\lib\jce.jar;D:\Software\java-1.8.0-openjdk-1.8.0.212-3.b04.redhat.windows.x86_64\jre\lib\charsets.jar;D:\Software\java-1.8.0-openjdk-1.8.0.212-3.b04.redhat.windows.x86_64\jre\lib\jfr.jar;D:\Software\java-1.8.0-openjdk-1.8.0.212-3.b04.redhat.windows.x86_64\jre\classes"/>
    <property name="java.vendor" value="Oracle Corporation"/>
    <property name="maven.home" value="D:\OrchestrationService\stockService\stockService\EMBEDDED"/>
    <property name="file.separator" value="\"/>
    <property name="java.vendor.url.bug" value="http://bugreport.sun.com/bugreport/"/>
    <property name="sun.cpu.endian" value="little"/>
    <property name="sun.io.unicode.encoding" value="UnicodeLittle"/>
    <property name="sun.desktop" value="windows"/>
    <property name="sun.cpu.isalist" value="amd64"/>
  </properties>
  <testcase name="contextLoads" classname="com.stock.stockService.StockServiceApplicationTests" time="0.022"/>
</testsuite>